#
# There is insufficient memory for the Java Runtime Environment to continue.
# Native memory allocation (mmap) failed to map 268435456 bytes for Failed to commit area from 0x0000000700c00000 to 0x0000000710c00000 of length 268435456.
# Possible reasons:
#   The system is out of physical RAM or swap space
#   The process is running with CompressedOops enabled, and the Java Heap may be blocking the growth of the native heap
# Possible solutions:
#   Reduce memory load on the system
#   Increase physical memory or swap space
#   Check if swap backing store is full
#   Decrease Java heap size (-Xmx/-Xms)
#   Decrease number of Java threads
#   Decrease Java thread stack sizes (-Xss)
#   Set larger code cache with -XX:ReservedCodeCacheSize=
# This output file may be truncated or incomplete.
#
#  Out of Memory Error (c:/BuildAgent/work/1eae4dac1d648407/src/hotspot/os/windows/os_windows.cpp:3296), pid=10364, tid=23336
#
# JRE version:  (11.0.6+8) (build )
# Java VM: OpenJDK 64-Bit Server VM (11.0.6+8-b765.40, mixed mode, sharing, tiered, compressed oops, g1 gc, windows-amd64)
# No core dump will be written. Minidumps are not enabled by default on client versions of Windows
#

---------------  S U M M A R Y ------------

Command Line: org.jetbrains.git4idea.http.GitAskPassApp Username for 'https://github.com': 

Host: Intel(R) Core(TM) i7-7700 CPU @ 3.60GHz, 8 cores, 15G,  Windows 10 , 64 bit Build 18362 (10.0.18362.778)
Time: Sat Jun 27 21:05:16 2020 Romance Daylight Time elapsed time: 0 seconds (0d 0h 0m 0s)

---------------  T H R E A D  ---------------

Current thread (0x00000159ad99f000):  JavaThread "Unknown thread" [_thread_in_vm, id=23336, stack(0x00000052a0100000,0x00000052a0200000)]

Stack: [0x00000052a0100000,0x00000052a0200000]
Native frames: (J=compiled Java code, j=interpreted, Vv=VM code, C=native code)
V  [jvm.dll+0x5ddf9a]
V  [jvm.dll+0x710ae5]
V  [jvm.dll+0x712005]
V  [jvm.dll+0x7126b3]
V  [jvm.dll+0x23e718]
V  [jvm.dll+0x5db444]
V  [jvm.dll+0x5d0675]
V  [jvm.dll+0x2faf1b]
V  [jvm.dll+0x2fae8a]
V  [jvm.dll+0x2fad62]
V  [jvm.dll+0x2ffc36]
V  [jvm.dll+0x3484e3]
V  [jvm.dll+0x348be6]
V  [jvm.dll+0x3485e3]
V  [jvm.dll+0x2d5938]
V  [jvm.dll+0x2d6ad7]
V  [jvm.dll+0x6ef8a7]
V  [jvm.dll+0x6f109c]
V  [jvm.dll+0x355b29]
V  [jvm.dll+0x6d4a7e]
V  [jvm.dll+0x3bf053]
V  [jvm.dll+0x3c15d1]
C  [jli.dll+0x5363]
C  [ucrtbase.dll+0x20e82]
C  [KERNEL32.DLL+0x17bd4]
C  [ntdll.dll+0x6ce51]


---------------  P R O C E S S  ---------------

Threads class SMR info:
_java_thread_list=0x00000159ad7caa70, length=0, elements={
}

Java Threads: ( => current thread )

Other Threads:
  0x00000159ad9b8000 GCTaskThread "GC Thread#0" [stack: 0x00000052a0200000,0x00000052a0300000] [id=21196]
  0x00000159ada17000 ConcurrentGCThread "G1 Main Marker" [stack: 0x00000052a0300000,0x00000052a0400000] [id=21720]
  0x00000159ada18800 ConcurrentGCThread "G1 Conc#0" [stack: 0x00000052a0400000,0x00000052a0500000] [id=7820]

[error occurred during error reporting (printing all threads), id 0xc0000005, EXCEPTION_ACCESS_VIOLATION (0xc0000005) at pc=0x00007ffea0726047]

VM state:not at safepoint (not fully initialized)

VM Mutex/Monitor currently owned by a thread:  ([mutex/lock_event])
[0x00000159ad99afa0] Heap_lock - owner thread: 0x00000159ad99f000

Heap address: 0x0000000700c00000, size: 4084 MB, Compressed Oops mode: Non-zero based: 0x0000000700c00000
Narrow klass base: 0x0000000000000000, Narrow klass shift: 0

GC Heap History (0 events):
No events

Deoptimization events (0 events):
No events

Classes redefined (0 events):
No events

Internal exceptions (0 events):
No events

Events (2 events):
Event: 0.005 Loaded shared library C:\Program Files\JetBrains\PhpStorm 2020.1.1\jbr\bin\zip.dll
Event: 0.005 Loaded shared library C:\Program Files\JetBrains\PhpStorm 2020.1.1\jbr\bin\jimage.dll


Dynamic libraries:
0x00007ff65f350000 - 0x00007ff65f35a000 	C:\Program Files\JetBrains\PhpStorm 2020.1.1\jbr\bin\java.exe
0x00007ffee64e0000 - 0x00007ffee66d0000 	C:\WINDOWS\SYSTEM32\ntdll.dll
0x00007ffee5260000 - 0x00007ffee5312000 	C:\WINDOWS\System32\KERNEL32.DLL
0x00007ffee3890000 - 0x00007ffee3b34000 	C:\WINDOWS\System32\KERNELBASE.dll
0x00007ffee34d0000 - 0x00007ffee35ca000 	C:\WINDOWS\System32\ucrtbase.dll
0x00007ffedc070000 - 0x00007ffedc089000 	C:\Program Files\JetBrains\PhpStorm 2020.1.1\jbr\bin\jli.dll
0x00007ffed3b60000 - 0x00007ffed3b77000 	C:\Program Files\JetBrains\PhpStorm 2020.1.1\jbr\bin\VCRUNTIME140.dll
0x00007ffee6050000 - 0x00007ffee61e4000 	C:\WINDOWS\System32\USER32.dll
0x00007ffed7c50000 - 0x00007ffed7ed4000 	C:\WINDOWS\WinSxS\amd64_microsoft.windows.common-controls_6595b64144ccf1df_6.0.18362.836_none_e6c4b943130f18ed\COMCTL32.dll
0x00007ffee4560000 - 0x00007ffee4581000 	C:\WINDOWS\System32\win32u.dll
0x00007ffee50d0000 - 0x00007ffee516e000 	C:\WINDOWS\System32\msvcrt.dll
0x00007ffee5f10000 - 0x00007ffee5f36000 	C:\WINDOWS\System32\GDI32.dll
0x00007ffee36f0000 - 0x00007ffee3884000 	C:\WINDOWS\System32\gdi32full.dll
0x00007ffee4770000 - 0x00007ffee4aa6000 	C:\WINDOWS\System32\combase.dll
0x00007ffee35d0000 - 0x00007ffee366e000 	C:\WINDOWS\System32\msvcp_win.dll
0x00007ffee5be0000 - 0x00007ffee5d00000 	C:\WINDOWS\System32\RPCRT4.dll
0x00007ffee3670000 - 0x00007ffee36f0000 	C:\WINDOWS\System32\bcryptPrimitives.dll
0x00007ffee5bb0000 - 0x00007ffee5bde000 	C:\WINDOWS\System32\IMM32.DLL
0x00007ffec39c0000 - 0x00007ffec3a5d000 	C:\Program Files\JetBrains\PhpStorm 2020.1.1\jbr\bin\msvcp140.dll
0x00007ffea0440000 - 0x00007ffea0efd000 	C:\Program Files\JetBrains\PhpStorm 2020.1.1\jbr\bin\server\jvm.dll
0x00007ffee5f40000 - 0x00007ffee5fe3000 	C:\WINDOWS\System32\ADVAPI32.dll
0x00007ffee5320000 - 0x00007ffee53b7000 	C:\WINDOWS\System32\sechost.dll
0x00007ffee6420000 - 0x00007ffee6428000 	C:\WINDOWS\System32\PSAPI.DLL
0x00007ffed9b60000 - 0x00007ffed9b69000 	C:\WINDOWS\SYSTEM32\WSOCK32.dll
0x00007ffed9b30000 - 0x00007ffed9b54000 	C:\WINDOWS\SYSTEM32\WINMM.dll
0x00007ffede1c0000 - 0x00007ffede1ca000 	C:\WINDOWS\SYSTEM32\VERSION.dll
0x00007ffee63b0000 - 0x00007ffee641f000 	C:\WINDOWS\System32\WS2_32.dll
0x00007ffed9b00000 - 0x00007ffed9b2d000 	C:\WINDOWS\SYSTEM32\winmmbase.dll
0x00007ffee44e0000 - 0x00007ffee452a000 	C:\WINDOWS\System32\cfgmgr32.dll
0x00007ffee3450000 - 0x00007ffee3461000 	C:\WINDOWS\System32\kernel.appcore.dll
0x00007ffedc610000 - 0x00007ffedc621000 	C:\Program Files\JetBrains\PhpStorm 2020.1.1\jbr\bin\verify.dll
0x00007ffee1400000 - 0x00007ffee15f4000 	C:\WINDOWS\SYSTEM32\DBGHELP.DLL
0x00007ffedd1d0000 - 0x00007ffedd1fa000 	C:\WINDOWS\SYSTEM32\dbgcore.DLL
0x00007ffedbf80000 - 0x00007ffedbfa9000 	C:\Program Files\JetBrains\PhpStorm 2020.1.1\jbr\bin\java.dll
0x00007ffedb270000 - 0x00007ffedb288000 	C:\Program Files\JetBrains\PhpStorm 2020.1.1\jbr\bin\zip.dll
0x00007ffedee40000 - 0x00007ffedee4b000 	C:\Program Files\JetBrains\PhpStorm 2020.1.1\jbr\bin\jimage.dll

dbghelp: loaded successfully - version: 4.0.5 - missing functions: none
symbol engine: initialized successfully - sym options: 0x614 - pdb path: .;C:\Program Files\JetBrains\PhpStorm 2020.1.1\jbr\bin;C:\WINDOWS\SYSTEM32;C:\WINDOWS\WinSxS\amd64_microsoft.windows.common-controls_6595b64144ccf1df_6.0.18362.836_none_e6c4b943130f18ed;C:\Program Files\JetBrains\PhpStorm 2020.1.1\jbr\bin\server

VM Arguments:
java_command: org.jetbrains.git4idea.http.GitAskPassApp Username for 'https://github.com': 
java_class_path (initial): C:/Program Files/JetBrains/PhpStorm 2020.1.1/plugins/git4idea/lib/git4idea-rt.jar;C:/Program Files/JetBrains/PhpStorm 2020.1.1/lib/xmlrpc-2.0.1.jar;C:/Program Files/JetBrains/PhpStorm 2020.1.1/lib/commons-codec-1.14.jar;C:/Program Files/JetBrains/PhpStorm 2020.1.1/lib/util.jar
Launcher Type: SUN_STANDARD

[Global flags]
     intx CICompilerCount                          = 4                                         {product} {ergonomic}
     uint ConcGCThreads                            = 2                                         {product} {ergonomic}
     uint G1ConcRefinementThreads                  = 8                                         {product} {ergonomic}
   size_t G1HeapRegionSize                         = 1048576                                   {product} {ergonomic}
    uintx GCDrainStackTargetSize                   = 64                                        {product} {ergonomic}
   size_t InitialHeapSize                          = 268435456                                 {product} {ergonomic}
   size_t MarkStackSize                            = 4194304                                   {product} {ergonomic}
   size_t MaxHeapSize                              = 4282384384                                {product} {ergonomic}
   size_t MinHeapDeltaBytes                        = 1048576                                   {product} {ergonomic}
    uintx NonNMethodCodeHeapSize                   = 5836300                                {pd product} {ergonomic}
    uintx NonProfiledCodeHeapSize                  = 122910970                              {pd product} {ergonomic}
    uintx ProfiledCodeHeapSize                     = 122910970                              {pd product} {ergonomic}
    uintx ReservedCodeCacheSize                    = 251658240                              {pd product} {ergonomic}
     bool SegmentedCodeCache                       = true                                      {product} {ergonomic}
     bool UseCompressedClassPointers               = true                                 {lp64_product} {ergonomic}
     bool UseCompressedOops                        = true                                 {lp64_product} {ergonomic}
     bool UseG1GC                                  = true                                      {product} {ergonomic}
     bool UseLargePagesIndividualAllocation        = false                                  {pd product} {ergonomic}

Logging:
Log output configuration:
 #0: stdout all=warning uptime,level,tags
 #1: stderr all=off uptime,level,tags

Environment Variables:
JAVA_HOME=C:\Program Files\Java\jdk-11.0.6
PATH=C:/Program Files/Git/mingw64/libexec/git-core;C:/Program Files/Git/mingw64/libexec/git-core;C:\Program Files\Git\mingw64\bin;C:\Program Files\Git\usr\bin;C:\Users\dkbaygaming\bin;C:\Python38\Scripts\;C:\Python38\;C:\Program Files (x86)\Common Files\Intel\Shared Libraries\redist\intel64\compiler;C:\Program Files (x86)\Common Files\Oracle\Java\javapath;C:\Windows\system32;C:\Windows;C:\Windows\System32\Wbem;C:\Windows\System32\WindowsPowerShell\v1.0\;C:\Windows\System32\OpenSSH\;C:\Program Files\PuTTY\;C:\Program Files\Git\cmd;C:\Program Files\nodejs\;C:\Python27;C:\Program Files\NVIDIA Corporation\NVIDIA NvDLISR;C:\sqlite3;C:\kotlin-native-windows-1.3.11\bin;C:\WINDOWS\system32;C:\WINDOWS;C:\WINDOWS\System32\Wbem;C:\WINDOWS\System32\WindowsPowerShell\v1.0\;C:\WINDOWS\System32\OpenSSH\;C:\Program Files (x86)\Bitvise SSH Client;C:\ProgramData\chocolatey\bin;C:\Users\Dkbay gaming\AppData\Local\Programs\Microsoft VS Code;C:\Program Files (x86)\NVIDIA Corporation\PhysX\Common;C:\tools\php74;C:\ProgramData\ComposerSetup\bin;C:\ProgramData\chocolatey\lib\maven\apache-maven-3.6.3\bin;C:\ProgramData\chocolatey\lib\maven\apache-maven-3.6.3\bin;C:\flutter\bin;C:\laragon\bin\php\php-7.2.19-Win32-VC15-x64\;C:\Users\Dkbay gaming\AppData\Roaming\ActiveState\bin;C:\Program Files (x86)\ActiveState Komodo IDE 12\;C:\Python38\Scripts\;C:\Python38\;C:\Program Files (x86)\Common Files\Intel\Shared Libraries\redist\intel64\compiler;C:\Program Files (x86)\Common Files\Oracle\Java\javapath;C:\Windows\system32;C:\Windows;C:\Windows\System32\Wbem;C:\Windows\System32\WindowsPowerShell\v1.0\;C:\Windows\System32\OpenSSH\;C:\Program Files\PuTTY\;C:\Program Files\Git\cmd;C:\Program Files\nodejs\;C:\Python27;C:\Program Files\NVIDIA Corporation\NVIDIA NvDLISR;C:\sqlite3;C:\kotlin-native-windows-1.3.11\bin;C:\WINDOWS\system32;C:\WINDOWS;C:\WINDOWS\System32\Wbem;C:\WINDOWS\System32\WindowsPowerShell\v1.0\;C:\WINDOWS\System32\OpenSSH\;C:\Program Files (x86)\Bitvise SSH Client;C:\Program Files (x86)\Y
USERNAME=dkbaygaming
DISPLAY=:0.0
OS=Windows_NT
PROCESSOR_IDENTIFIER=Intel64 Family 6 Model 158 Stepping 9, GenuineIntel



---------------  S Y S T E M  ---------------

OS: Windows 10 , 64 bit Build 18362 (10.0.18362.778)

CPU:total 8 (initial active 8) (4 cores per cpu, 2 threads per core) family 6 model 158 stepping 9, cmov, cx8, fxsr, mmx, sse, sse2, sse3, ssse3, sse4.1, sse4.2, popcnt, avx, avx2, aes, clmul, erms, rtm, 3dnowpref, lzcnt, ht, tsc, tscinvbit, bmi1, bmi2, adx, fma

Memory: 4k page, system-wide physical 16334M (6477M free)
TotalPageFile size 20430M (AvailPageFile size 168M)
current process WorkingSet (physical memory assigned to process): 10M, peak: 10M
current process commit charge ("private bytes"): 60M, peak: 316M

vm_info: OpenJDK 64-Bit Server VM (11.0.6+8-b765.40) for windows-amd64 JRE (11.0.6+8-b765.40), built on Apr 20 2020 14:37:21 by "" with MS VC++ 14.0 (VS2015)

END.
